<?xml version="1.0" encoding="UTF-8"?>
<coverage generated="1611155141820" clover="3.2.0">
  <project timestamp="1611155141820" name="All files">
    <metrics statements="63" coveredstatements="48" conditionals="12" coveredconditionals="9" methods="34" coveredmethods="18" elements="109" coveredelements="75" complexity="0" loc="63" ncloc="63" packages="2" files="10" classes="10"/>
    <package name="store">
      <metrics statements="45" coveredstatements="33" conditionals="2" coveredconditionals="2" methods="24" coveredmethods="12"/>
      <file name="api.js" path="C:\Users\Computer\Desktop\programmazione\js\mosh-redux\frontend\src\store\api.js">
        <metrics statements="3" coveredstatements="3" conditionals="0" coveredconditionals="0" methods="0" coveredmethods="0"/>
        <line num="3" count="1" type="stmt"/>
        <line num="4" count="1" type="stmt"/>
        <line num="5" count="1" type="stmt"/>
      </file>
      <file name="bugs.js" path="C:\Users\Computer\Desktop\programmazione\js\mosh-redux\frontend\src\store\bugs.js">
        <metrics statements="33" coveredstatements="23" conditionals="2" coveredconditionals="2" methods="21" coveredmethods="11"/>
        <line num="6" count="1" type="stmt"/>
        <line num="15" count="4" type="stmt"/>
        <line num="19" count="3" type="stmt"/>
        <line num="22" count="0" type="stmt"/>
        <line num="23" count="0" type="stmt"/>
        <line num="26" count="4" type="stmt"/>
        <line num="27" count="4" type="stmt"/>
        <line num="28" count="4" type="stmt"/>
        <line num="31" count="0" type="stmt"/>
        <line num="32" count="0" type="stmt"/>
        <line num="33" count="0" type="stmt"/>
        <line num="36" count="0" type="stmt"/>
        <line num="48" count="1" type="stmt"/>
        <line num="54" count="1" type="stmt"/>
        <line num="56" count="5" type="stmt"/>
        <line num="57" count="5" type="stmt"/>
        <line num="59" count="5" type="stmt"/>
        <line num="61" count="5" type="cond" truecount="2" falsecount="0"/>
        <line num="63" count="4" type="stmt"/>
        <line num="73" count="1" type="stmt"/>
        <line num="74" count="4" type="stmt"/>
        <line num="81" count="1" type="stmt"/>
        <line num="82" count="2" type="stmt"/>
        <line num="90" count="1" type="stmt"/>
        <line num="91" count="0" type="stmt"/>
        <line num="99" count="1" type="stmt"/>
        <line num="100" count="1" type="stmt"/>
        <line num="101" count="1" type="stmt"/>
        <line num="102" count="3" type="stmt"/>
        <line num="105" count="1" type="stmt"/>
        <line num="106" count="0" type="stmt"/>
        <line num="107" count="0" type="stmt"/>
        <line num="108" count="0" type="stmt"/>
      </file>
      <file name="configureStore.js" path="C:\Users\Computer\Desktop\programmazione\js\mosh-redux\frontend\src\store\configureStore.js">
        <metrics statements="1" coveredstatements="1" conditionals="0" coveredconditionals="0" methods="1" coveredmethods="1"/>
        <line num="8" count="9" type="stmt"/>
      </file>
      <file name="entities.js" path="C:\Users\Computer\Desktop\programmazione\js\mosh-redux\frontend\src\store\entities.js">
        <metrics statements="0" coveredstatements="0" conditionals="0" coveredconditionals="0" methods="0" coveredmethods="0"/>
      </file>
      <file name="projects.js" path="C:\Users\Computer\Desktop\programmazione\js\mosh-redux\frontend\src\store\projects.js">
        <metrics statements="4" coveredstatements="3" conditionals="0" coveredconditionals="0" methods="1" coveredmethods="0"/>
        <line num="3" count="1" type="stmt"/>
        <line num="5" count="1" type="stmt"/>
        <line num="10" count="0" type="stmt"/>
        <line num="18" count="1" type="stmt"/>
      </file>
      <file name="reducer.js" path="C:\Users\Computer\Desktop\programmazione\js\mosh-redux\frontend\src\store\reducer.js">
        <metrics statements="0" coveredstatements="0" conditionals="0" coveredconditionals="0" methods="0" coveredmethods="0"/>
      </file>
      <file name="users.js" path="C:\Users\Computer\Desktop\programmazione\js\mosh-redux\frontend\src\store\users.js">
        <metrics statements="4" coveredstatements="3" conditionals="0" coveredconditionals="0" methods="1" coveredmethods="0"/>
        <line num="3" count="1" type="stmt"/>
        <line num="5" count="1" type="stmt"/>
        <line num="10" count="0" type="stmt"/>
        <line num="18" count="1" type="stmt"/>
      </file>
    </package>
    <package name="store.middleware">
      <metrics statements="18" coveredstatements="15" conditionals="10" coveredconditionals="7" methods="10" coveredmethods="6"/>
      <file name="api.js" path="C:\Users\Computer\Desktop\programmazione\js\mosh-redux\frontend\src\store\middleware\api.js">
        <metrics statements="11" coveredstatements="11" conditionals="8" coveredconditionals="6" methods="3" coveredmethods="3"/>
        <line num="3" count="9" type="stmt"/>
        <line num="4" count="27" type="cond" truecount="2" falsecount="0"/>
        <line num="6" count="8" type="stmt"/>
        <line num="8" count="8" type="cond" truecount="2" falsecount="0"/>
        <line num="10" count="8" type="stmt"/>
        <line num="11" count="8" type="stmt"/>
        <line num="12" count="8" type="stmt"/>
        <line num="19" count="7" type="stmt"/>
        <line num="21" count="7" type="cond" truecount="1" falsecount="1"/>
        <line num="24" count="1" type="stmt"/>
        <line num="26" count="1" type="cond" truecount="1" falsecount="1"/>
      </file>
      <file name="error.js" path="C:\Users\Computer\Desktop\programmazione\js\mosh-redux\frontend\src\store\middleware\error.js">
        <metrics statements="4" coveredstatements="3" conditionals="2" coveredconditionals="1" methods="3" coveredmethods="3"/>
        <line num="3" count="9" type="stmt"/>
        <line num="4" count="29" type="cond" truecount="1" falsecount="1"/>
        <line num="5" count="0" type="stmt"/>
        <line num="8" count="27" type="stmt"/>
      </file>
      <file name="logger.js" path="C:\Users\Computer\Desktop\programmazione\js\mosh-redux\frontend\src\store\middleware\logger.js">
        <metrics statements="3" coveredstatements="1" conditionals="0" coveredconditionals="0" methods="4" coveredmethods="0"/>
        <line num="1" count="1" type="stmt"/>
        <line num="2" count="0" type="stmt"/>
        <line num="3" count="0" type="stmt"/>
      </file>
    </package>
  </project>
</coverage>
