{"C:\\Users\\Computer\\Desktop\\programmazione\\js\\mosh-redux\\frontend\\src\\store\\api.js": {"path":"C:\\Users\\Computer\\Desktop\\programmazione\\js\\mosh-redux\\frontend\\src\\store\\api.js","statementMap":{"0":{"start":{"line":3,"column":28},"end":{"line":3,"column":57}},"1":{"start":{"line":4,"column":30},"end":{"line":4,"column":61}},"2":{"start":{"line":5,"column":29},"end":{"line":5,"column":59}}},"fnMap":{},"branchMap":{},"s":{"0":1,"1":1,"2":1},"f":{},"b":{},"_coverageSchema":"1a1c01bbd47fc00a2c39e90264f33305004495a9","hash":"10a8478735375f58352ea135dd8ed588cc7c0009"}
,"C:\\Users\\Computer\\Desktop\\programmazione\\js\\mosh-redux\\frontend\\src\\store\\bugs.js": {"path":"C:\\Users\\Computer\\Desktop\\programmazione\\js\\mosh-redux\\frontend\\src\\store\\bugs.js","statementMap":{"0":{"start":{"line":6,"column":14},"end":{"line":39,"column":2}},"1":{"start":{"line":15,"column":6},"end":{"line":15,"column":26}},"2":{"start":{"line":19,"column":6},"end":{"line":19,"column":37}},"3":{"start":{"line":22,"column":20},"end":{"line":22,"column":78}},"4":{"start":{"line":22,"column":49},"end":{"line":22,"column":77}},"5":{"start":{"line":23,"column":6},"end":{"line":23,"column":34}},"6":{"start":{"line":26,"column":6},"end":{"line":26,"column":33}},"7":{"start":{"line":27,"column":6},"end":{"line":27,"column":27}},"8":{"start":{"line":28,"column":6},"end":{"line":28,"column":36}},"9":{"start":{"line":31,"column":36},"end":{"line":31,"column":50}},"10":{"start":{"line":32,"column":20},"end":{"line":32,"column":66}},"11":{"start":{"line":32,"column":49},"end":{"line":32,"column":65}},"12":{"start":{"line":33,"column":6},"end":{"line":33,"column":39}},"13":{"start":{"line":36,"column":6},"end":{"line":36,"column":27}},"14":{"start":{"line":48,"column":4},"end":{"line":48,"column":17}},"15":{"start":{"line":54,"column":12},"end":{"line":54,"column":19}},"16":{"start":{"line":56,"column":24},"end":{"line":71,"column":1}},"17":{"start":{"line":56,"column":30},"end":{"line":71,"column":1}},"18":{"start":{"line":57,"column":26},"end":{"line":57,"column":50}},"19":{"start":{"line":59,"column":24},"end":{"line":59,"column":69}},"20":{"start":{"line":61,"column":2},"end":{"line":61,"column":33}},"21":{"start":{"line":61,"column":26},"end":{"line":61,"column":33}},"22":{"start":{"line":63,"column":2},"end":{"line":70,"column":4}},"23":{"start":{"line":73,"column":22},"end":{"line":79,"column":4}},"24":{"start":{"line":74,"column":2},"end":{"line":79,"column":4}},"25":{"start":{"line":81,"column":26},"end":{"line":88,"column":1}},"26":{"start":{"line":82,"column":2},"end":{"line":87,"column":5}},"27":{"start":{"line":90,"column":31},"end":{"line":97,"column":1}},"28":{"start":{"line":91,"column":2},"end":{"line":96,"column":5}},"29":{"start":{"line":99,"column":33},"end":{"line":103,"column":1}},"30":{"start":{"line":100,"column":13},"end":{"line":100,"column":32}},"31":{"start":{"line":101,"column":13},"end":{"line":101,"column":36}},"32":{"start":{"line":102,"column":22},"end":{"line":102,"column":62}},"33":{"start":{"line":102,"column":48},"end":{"line":102,"column":61}},"34":{"start":{"line":105,"column":29},"end":{"line":109,"column":3}},"35":{"start":{"line":106,"column":2},"end":{"line":109,"column":3}},"36":{"start":{"line":107,"column":15},"end":{"line":107,"column":34}},"37":{"start":{"line":108,"column":14},"end":{"line":108,"column":57}},"38":{"start":{"line":108,"column":35},"end":{"line":108,"column":56}}},"fnMap":{"0":{"name":"(anonymous_0)","decl":{"start":{"line":14,"column":19},"end":{"line":14,"column":20}},"loc":{"start":{"line":14,"column":37},"end":{"line":16,"column":5}},"line":14},"1":{"name":"(anonymous_1)","decl":{"start":{"line":18,"column":14},"end":{"line":18,"column":15}},"loc":{"start":{"line":18,"column":32},"end":{"line":20,"column":5}},"line":18},"2":{"name":"(anonymous_2)","decl":{"start":{"line":21,"column":17},"end":{"line":21,"column":18}},"loc":{"start":{"line":21,"column":35},"end":{"line":24,"column":5}},"line":21},"3":{"name":"(anonymous_3)","decl":{"start":{"line":22,"column":40},"end":{"line":22,"column":41}},"loc":{"start":{"line":22,"column":49},"end":{"line":22,"column":77}},"line":22},"4":{"name":"(anonymous_4)","decl":{"start":{"line":25,"column":18},"end":{"line":25,"column":19}},"loc":{"start":{"line":25,"column":36},"end":{"line":29,"column":5}},"line":25},"5":{"name":"(anonymous_5)","decl":{"start":{"line":30,"column":23},"end":{"line":30,"column":24}},"loc":{"start":{"line":30,"column":41},"end":{"line":34,"column":5}},"line":30},"6":{"name":"(anonymous_6)","decl":{"start":{"line":32,"column":40},"end":{"line":32,"column":41}},"loc":{"start":{"line":32,"column":49},"end":{"line":32,"column":65}},"line":32},"7":{"name":"(anonymous_7)","decl":{"start":{"line":35,"column":23},"end":{"line":35,"column":24}},"loc":{"start":{"line":35,"column":41},"end":{"line":37,"column":5}},"line":35},"8":{"name":"(anonymous_8)","decl":{"start":{"line":56,"column":24},"end":{"line":56,"column":25}},"loc":{"start":{"line":56,"column":30},"end":{"line":71,"column":1}},"line":56},"9":{"name":"(anonymous_9)","decl":{"start":{"line":56,"column":30},"end":{"line":56,"column":31}},"loc":{"start":{"line":56,"column":54},"end":{"line":71,"column":1}},"line":56},"10":{"name":"(anonymous_10)","decl":{"start":{"line":73,"column":22},"end":{"line":73,"column":23}},"loc":{"start":{"line":74,"column":2},"end":{"line":79,"column":4}},"line":74},"11":{"name":"(anonymous_11)","decl":{"start":{"line":81,"column":26},"end":{"line":81,"column":27}},"loc":{"start":{"line":81,"column":32},"end":{"line":88,"column":1}},"line":81},"12":{"name":"(anonymous_12)","decl":{"start":{"line":90,"column":31},"end":{"line":90,"column":32}},"loc":{"start":{"line":90,"column":50},"end":{"line":97,"column":1}},"line":90},"13":{"name":"(anonymous_13)","decl":{"start":{"line":100,"column":2},"end":{"line":100,"column":3}},"loc":{"start":{"line":100,"column":13},"end":{"line":100,"column":32}},"line":100},"14":{"name":"(anonymous_14)","decl":{"start":{"line":101,"column":2},"end":{"line":101,"column":3}},"loc":{"start":{"line":101,"column":13},"end":{"line":101,"column":36}},"line":101},"15":{"name":"(anonymous_15)","decl":{"start":{"line":102,"column":2},"end":{"line":102,"column":3}},"loc":{"start":{"line":102,"column":22},"end":{"line":102,"column":62}},"line":102},"16":{"name":"(anonymous_16)","decl":{"start":{"line":102,"column":39},"end":{"line":102,"column":40}},"loc":{"start":{"line":102,"column":48},"end":{"line":102,"column":61}},"line":102},"17":{"name":"(anonymous_17)","decl":{"start":{"line":105,"column":29},"end":{"line":105,"column":30}},"loc":{"start":{"line":106,"column":2},"end":{"line":109,"column":3}},"line":106},"18":{"name":"(anonymous_18)","decl":{"start":{"line":107,"column":4},"end":{"line":107,"column":5}},"loc":{"start":{"line":107,"column":15},"end":{"line":107,"column":34}},"line":107},"19":{"name":"(anonymous_19)","decl":{"start":{"line":108,"column":4},"end":{"line":108,"column":5}},"loc":{"start":{"line":108,"column":14},"end":{"line":108,"column":57}},"line":108},"20":{"name":"(anonymous_20)","decl":{"start":{"line":108,"column":26},"end":{"line":108,"column":27}},"loc":{"start":{"line":108,"column":35},"end":{"line":108,"column":56}},"line":108}},"branchMap":{"0":{"loc":{"start":{"line":61,"column":2},"end":{"line":61,"column":33}},"type":"if","locations":[{"start":{"line":61,"column":2},"end":{"line":61,"column":33}},{"start":{"line":61,"column":2},"end":{"line":61,"column":33}}],"line":61}},"s":{"0":1,"1":4,"2":3,"3":0,"4":0,"5":0,"6":4,"7":4,"8":4,"9":0,"10":0,"11":0,"12":0,"13":0,"14":1,"15":1,"16":1,"17":5,"18":5,"19":5,"20":5,"21":1,"22":4,"23":1,"24":4,"25":1,"26":2,"27":1,"28":0,"29":1,"30":1,"31":1,"32":1,"33":3,"34":1,"35":0,"36":0,"37":0,"38":0},"f":{"0":4,"1":3,"2":0,"3":0,"4":4,"5":0,"6":0,"7":0,"8":5,"9":5,"10":4,"11":2,"12":0,"13":1,"14":1,"15":1,"16":3,"17":0,"18":0,"19":0,"20":0},"b":{"0":[1,4]},"_coverageSchema":"1a1c01bbd47fc00a2c39e90264f33305004495a9","hash":"89cc7ccbe16ddcff43643768ea6a4902436f75c5"}
,"C:\\Users\\Computer\\Desktop\\programmazione\\js\\mosh-redux\\frontend\\src\\store\\configureStore.js": {"path":"C:\\Users\\Computer\\Desktop\\programmazione\\js\\mosh-redux\\frontend\\src\\store\\configureStore.js","statementMap":{"0":{"start":{"line":8,"column":4},"end":{"line":18,"column":6}}},"fnMap":{"0":{"name":"(anonymous_0)","decl":{"start":{"line":7,"column":15},"end":{"line":7,"column":16}},"loc":{"start":{"line":7,"column":26},"end":{"line":19,"column":1}},"line":7}},"branchMap":{},"s":{"0":9},"f":{"0":9},"b":{},"_coverageSchema":"1a1c01bbd47fc00a2c39e90264f33305004495a9","hash":"04f0b09d4a96ac2f85350779605162d460144dae"}
,"C:\\Users\\Computer\\Desktop\\programmazione\\js\\mosh-redux\\frontend\\src\\store\\entities.js": {"path":"C:\\Users\\Computer\\Desktop\\programmazione\\js\\mosh-redux\\frontend\\src\\store\\entities.js","statementMap":{},"fnMap":{},"branchMap":{},"s":{},"f":{},"b":{},"_coverageSchema":"1a1c01bbd47fc00a2c39e90264f33305004495a9","hash":"615adaabd6078df6c2ac8f685542395c82ad8303"}
,"C:\\Users\\Computer\\Desktop\\programmazione\\js\\mosh-redux\\frontend\\src\\store\\projects.js": {"path":"C:\\Users\\Computer\\Desktop\\programmazione\\js\\mosh-redux\\frontend\\src\\store\\projects.js","statementMap":{"0":{"start":{"line":3,"column":13},"end":{"line":3,"column":14}},"1":{"start":{"line":5,"column":14},"end":{"line":16,"column":2}},"2":{"start":{"line":10,"column":12},"end":{"line":13,"column":14}},"3":{"start":{"line":18,"column":32},"end":{"line":18,"column":45}}},"fnMap":{"0":{"name":"(anonymous_0)","decl":{"start":{"line":9,"column":22},"end":{"line":9,"column":23}},"loc":{"start":{"line":9,"column":43},"end":{"line":14,"column":9}},"line":9}},"branchMap":{},"s":{"0":1,"1":1,"2":0,"3":1},"f":{"0":0},"b":{},"_coverageSchema":"1a1c01bbd47fc00a2c39e90264f33305004495a9","hash":"4742ae2001e2315b3fe60892d9f7d2d014e2cb5f"}
,"C:\\Users\\Computer\\Desktop\\programmazione\\js\\mosh-redux\\frontend\\src\\store\\reducer.js": {"path":"C:\\Users\\Computer\\Desktop\\programmazione\\js\\mosh-redux\\frontend\\src\\store\\reducer.js","statementMap":{},"fnMap":{},"branchMap":{},"s":{},"f":{},"b":{},"_coverageSchema":"1a1c01bbd47fc00a2c39e90264f33305004495a9","hash":"5d2fe3a412430e7582e7f0100a28034e8cc3ed46"}
,"C:\\Users\\Computer\\Desktop\\programmazione\\js\\mosh-redux\\frontend\\src\\store\\users.js": {"path":"C:\\Users\\Computer\\Desktop\\programmazione\\js\\mosh-redux\\frontend\\src\\store\\users.js","statementMap":{"0":{"start":{"line":3,"column":13},"end":{"line":3,"column":14}},"1":{"start":{"line":5,"column":14},"end":{"line":16,"column":2}},"2":{"start":{"line":10,"column":12},"end":{"line":13,"column":14}},"3":{"start":{"line":18,"column":29},"end":{"line":18,"column":42}}},"fnMap":{"0":{"name":"(anonymous_0)","decl":{"start":{"line":9,"column":19},"end":{"line":9,"column":20}},"loc":{"start":{"line":9,"column":38},"end":{"line":14,"column":9}},"line":9}},"branchMap":{},"s":{"0":1,"1":1,"2":0,"3":1},"f":{"0":0},"b":{},"_coverageSchema":"1a1c01bbd47fc00a2c39e90264f33305004495a9","hash":"ecbacd9e8dd1ddc0e5b67ae9fc42606ff7ff934a"}
,"C:\\Users\\Computer\\Desktop\\programmazione\\js\\mosh-redux\\frontend\\src\\store\\middleware\\api.js": {"path":"C:\\Users\\Computer\\Desktop\\programmazione\\js\\mosh-redux\\frontend\\src\\store\\middleware\\api.js","statementMap":{"0":{"start":{"line":3,"column":12},"end":{"line":28,"column":1}},"1":{"start":{"line":3,"column":30},"end":{"line":28,"column":1}},"2":{"start":{"line":3,"column":40},"end":{"line":28,"column":1}},"3":{"start":{"line":4,"column":2},"end":{"line":4,"column":69}},"4":{"start":{"line":4,"column":49},"end":{"line":4,"column":69}},"5":{"start":{"line":6,"column":61},"end":{"line":6,"column":75}},"6":{"start":{"line":8,"column":2},"end":{"line":8,"column":43}},"7":{"start":{"line":8,"column":15},"end":{"line":8,"column":43}},"8":{"start":{"line":10,"column":2},"end":{"line":10,"column":15}},"9":{"start":{"line":11,"column":2},"end":{"line":27,"column":3}},"10":{"start":{"line":12,"column":21},"end":{"line":17,"column":6}},"11":{"start":{"line":19,"column":4},"end":{"line":19,"column":52}},"12":{"start":{"line":21,"column":4},"end":{"line":21,"column":73}},"13":{"start":{"line":21,"column":19},"end":{"line":21,"column":73}},"14":{"start":{"line":24,"column":4},"end":{"line":24,"column":49}},"15":{"start":{"line":26,"column":4},"end":{"line":26,"column":59}},"16":{"start":{"line":26,"column":17},"end":{"line":26,"column":59}}},"fnMap":{"0":{"name":"(anonymous_0)","decl":{"start":{"line":3,"column":12},"end":{"line":3,"column":13}},"loc":{"start":{"line":3,"column":30},"end":{"line":28,"column":1}},"line":3},"1":{"name":"(anonymous_1)","decl":{"start":{"line":3,"column":30},"end":{"line":3,"column":31}},"loc":{"start":{"line":3,"column":40},"end":{"line":28,"column":1}},"line":3},"2":{"name":"(anonymous_2)","decl":{"start":{"line":3,"column":40},"end":{"line":3,"column":41}},"loc":{"start":{"line":3,"column":58},"end":{"line":28,"column":1}},"line":3}},"branchMap":{"0":{"loc":{"start":{"line":4,"column":2},"end":{"line":4,"column":69}},"type":"if","locations":[{"start":{"line":4,"column":2},"end":{"line":4,"column":69}},{"start":{"line":4,"column":2},"end":{"line":4,"column":69}}],"line":4},"1":{"loc":{"start":{"line":8,"column":2},"end":{"line":8,"column":43}},"type":"if","locations":[{"start":{"line":8,"column":2},"end":{"line":8,"column":43}},{"start":{"line":8,"column":2},"end":{"line":8,"column":43}}],"line":8},"2":{"loc":{"start":{"line":21,"column":4},"end":{"line":21,"column":73}},"type":"if","locations":[{"start":{"line":21,"column":4},"end":{"line":21,"column":73}},{"start":{"line":21,"column":4},"end":{"line":21,"column":73}}],"line":21},"3":{"loc":{"start":{"line":26,"column":4},"end":{"line":26,"column":59}},"type":"if","locations":[{"start":{"line":26,"column":4},"end":{"line":26,"column":59}},{"start":{"line":26,"column":4},"end":{"line":26,"column":59}}],"line":26}},"s":{"0":1,"1":9,"2":9,"3":27,"4":19,"5":8,"6":8,"7":4,"8":8,"9":8,"10":8,"11":7,"12":7,"13":7,"14":1,"15":1,"16":0},"f":{"0":9,"1":9,"2":27},"b":{"0":[19,8],"1":[4,4],"2":[7,0],"3":[0,1]},"_coverageSchema":"1a1c01bbd47fc00a2c39e90264f33305004495a9","hash":"c7c7920d6089388be332177f6f6391257c08ef9e"}
,"C:\\Users\\Computer\\Desktop\\programmazione\\js\\mosh-redux\\frontend\\src\\store\\middleware\\error.js": {"path":"C:\\Users\\Computer\\Desktop\\programmazione\\js\\mosh-redux\\frontend\\src\\store\\middleware\\error.js","statementMap":{"0":{"start":{"line":3,"column":14},"end":{"line":9,"column":1}},"1":{"start":{"line":3,"column":23},"end":{"line":9,"column":1}},"2":{"start":{"line":3,"column":31},"end":{"line":9,"column":1}},"3":{"start":{"line":4,"column":4},"end":{"line":8,"column":27}},"4":{"start":{"line":5,"column":8},"end":{"line":5,"column":58}},"5":{"start":{"line":8,"column":8},"end":{"line":8,"column":27}}},"fnMap":{"0":{"name":"(anonymous_0)","decl":{"start":{"line":3,"column":14},"end":{"line":3,"column":15}},"loc":{"start":{"line":3,"column":23},"end":{"line":9,"column":1}},"line":3},"1":{"name":"(anonymous_1)","decl":{"start":{"line":3,"column":23},"end":{"line":3,"column":24}},"loc":{"start":{"line":3,"column":31},"end":{"line":9,"column":1}},"line":3},"2":{"name":"(anonymous_2)","decl":{"start":{"line":3,"column":31},"end":{"line":3,"column":32}},"loc":{"start":{"line":3,"column":41},"end":{"line":9,"column":1}},"line":3}},"branchMap":{"0":{"loc":{"start":{"line":4,"column":4},"end":{"line":8,"column":27}},"type":"if","locations":[{"start":{"line":4,"column":4},"end":{"line":8,"column":27}},{"start":{"line":4,"column":4},"end":{"line":8,"column":27}}],"line":4}},"s":{"0":1,"1":9,"2":9,"3":29,"4":0,"5":27},"f":{"0":9,"1":9,"2":29},"b":{"0":[0,27]},"_coverageSchema":"1a1c01bbd47fc00a2c39e90264f33305004495a9","hash":"8d5d5348bccb0d740124d3ac200bb25e893be775"}
,"C:\\Users\\Computer\\Desktop\\programmazione\\js\\mosh-redux\\frontend\\src\\store\\middleware\\logger.js": {"path":"C:\\Users\\Computer\\Desktop\\programmazione\\js\\mosh-redux\\frontend\\src\\store\\middleware\\logger.js","statementMap":{"0":{"start":{"line":1,"column":15},"end":{"line":4,"column":1}},"1":{"start":{"line":1,"column":24},"end":{"line":4,"column":1}},"2":{"start":{"line":1,"column":33},"end":{"line":4,"column":1}},"3":{"start":{"line":1,"column":41},"end":{"line":4,"column":1}},"4":{"start":{"line":2,"column":4},"end":{"line":2,"column":33}},"5":{"start":{"line":3,"column":4},"end":{"line":3,"column":23}}},"fnMap":{"0":{"name":"(anonymous_0)","decl":{"start":{"line":1,"column":15},"end":{"line":1,"column":16}},"loc":{"start":{"line":1,"column":24},"end":{"line":4,"column":1}},"line":1},"1":{"name":"(anonymous_1)","decl":{"start":{"line":1,"column":24},"end":{"line":1,"column":25}},"loc":{"start":{"line":1,"column":33},"end":{"line":4,"column":1}},"line":1},"2":{"name":"(anonymous_2)","decl":{"start":{"line":1,"column":33},"end":{"line":1,"column":34}},"loc":{"start":{"line":1,"column":41},"end":{"line":4,"column":1}},"line":1},"3":{"name":"(anonymous_3)","decl":{"start":{"line":1,"column":41},"end":{"line":1,"column":42}},"loc":{"start":{"line":1,"column":51},"end":{"line":4,"column":1}},"line":1}},"branchMap":{},"s":{"0":1,"1":0,"2":0,"3":0,"4":0,"5":0},"f":{"0":0,"1":0,"2":0,"3":0},"b":{},"_coverageSchema":"1a1c01bbd47fc00a2c39e90264f33305004495a9","hash":"497a1c68b0c0a0bf11bc962a89c179f6338c2955"}
}
