TN:
SF:src\store\api.js
FNF:0
FNH:0
DA:3,1
DA:4,1
DA:5,1
LF:3
LH:3
BRF:0
BRH:0
end_of_record
TN:
SF:src\store\bugs.js
FN:14,(anonymous_0)
FN:18,(anonymous_1)
FN:21,(anonymous_2)
FN:22,(anonymous_3)
FN:25,(anonymous_4)
FN:30,(anonymous_5)
FN:32,(anonymous_6)
FN:35,(anonymous_7)
FN:56,(anonymous_8)
FN:56,(anonymous_9)
FN:73,(anonymous_10)
FN:81,(anonymous_11)
FN:90,(anonymous_12)
FN:100,(anonymous_13)
FN:101,(anonymous_14)
FN:102,(anonymous_15)
FN:102,(anonymous_16)
FN:105,(anonymous_17)
FN:107,(anonymous_18)
FN:108,(anonymous_19)
FN:108,(anonymous_20)
FNF:21
FNH:11
FNDA:4,(anonymous_0)
FNDA:3,(anonymous_1)
FNDA:0,(anonymous_2)
FNDA:0,(anonymous_3)
FNDA:4,(anonymous_4)
FNDA:0,(anonymous_5)
FNDA:0,(anonymous_6)
FNDA:0,(anonymous_7)
FNDA:5,(anonymous_8)
FNDA:5,(anonymous_9)
FNDA:4,(anonymous_10)
FNDA:2,(anonymous_11)
FNDA:0,(anonymous_12)
FNDA:1,(anonymous_13)
FNDA:1,(anonymous_14)
FNDA:1,(anonymous_15)
FNDA:3,(anonymous_16)
FNDA:0,(anonymous_17)
FNDA:0,(anonymous_18)
FNDA:0,(anonymous_19)
FNDA:0,(anonymous_20)
DA:6,1
DA:15,4
DA:19,3
DA:22,0
DA:23,0
DA:26,4
DA:27,4
DA:28,4
DA:31,0
DA:32,0
DA:33,0
DA:36,0
DA:48,1
DA:54,1
DA:56,5
DA:57,5
DA:59,5
DA:61,5
DA:63,4
DA:73,1
DA:74,4
DA:81,1
DA:82,2
DA:90,1
DA:91,0
DA:99,1
DA:100,1
DA:101,1
DA:102,3
DA:105,1
DA:106,0
DA:107,0
DA:108,0
LF:33
LH:23
BRDA:61,0,0,1
BRDA:61,0,1,4
BRF:2
BRH:2
end_of_record
TN:
SF:src\store\configureStore.js
FN:7,(anonymous_0)
FNF:1
FNH:1
FNDA:9,(anonymous_0)
DA:8,9
LF:1
LH:1
BRF:0
BRH:0
end_of_record
TN:
SF:src\store\entities.js
FNF:0
FNH:0
LF:0
LH:0
BRF:0
BRH:0
end_of_record
TN:
SF:src\store\projects.js
FN:9,(anonymous_0)
FNF:1
FNH:0
FNDA:0,(anonymous_0)
DA:3,1
DA:5,1
DA:10,0
DA:18,1
LF:4
LH:3
BRF:0
BRH:0
end_of_record
TN:
SF:src\store\reducer.js
FNF:0
FNH:0
LF:0
LH:0
BRF:0
BRH:0
end_of_record
TN:
SF:src\store\users.js
FN:9,(anonymous_0)
FNF:1
FNH:0
FNDA:0,(anonymous_0)
DA:3,1
DA:5,1
DA:10,0
DA:18,1
LF:4
LH:3
BRF:0
BRH:0
end_of_record
TN:
SF:src\store\middleware\api.js
FN:3,(anonymous_0)
FN:3,(anonymous_1)
FN:3,(anonymous_2)
FNF:3
FNH:3
FNDA:9,(anonymous_0)
FNDA:9,(anonymous_1)
FNDA:27,(anonymous_2)
DA:3,9
DA:4,27
DA:6,8
DA:8,8
DA:10,8
DA:11,8
DA:12,8
DA:19,7
DA:21,7
DA:24,1
DA:26,1
LF:11
LH:11
BRDA:4,0,0,19
BRDA:4,0,1,8
BRDA:8,1,0,4
BRDA:8,1,1,4
BRDA:21,2,0,7
BRDA:21,2,1,0
BRDA:26,3,0,0
BRDA:26,3,1,1
BRF:8
BRH:6
end_of_record
TN:
SF:src\store\middleware\error.js
FN:3,(anonymous_0)
FN:3,(anonymous_1)
FN:3,(anonymous_2)
FNF:3
FNH:3
FNDA:9,(anonymous_0)
FNDA:9,(anonymous_1)
FNDA:29,(anonymous_2)
DA:3,9
DA:4,29
DA:5,0
DA:8,27
LF:4
LH:3
BRDA:4,0,0,0
BRDA:4,0,1,27
BRF:2
BRH:1
end_of_record
TN:
SF:src\store\middleware\logger.js
FN:1,(anonymous_0)
FN:1,(anonymous_1)
FN:1,(anonymous_2)
FN:1,(anonymous_3)
FNF:4
FNH:0
FNDA:0,(anonymous_0)
FNDA:0,(anonymous_1)
FNDA:0,(anonymous_2)
FNDA:0,(anonymous_3)
DA:1,1
DA:2,0
DA:3,0
LF:3
LH:1
BRF:0
BRH:0
end_of_record
